Determining if the pthread_create exist failed with the following output:
Change Dir: /home/csuser/CPSC223/hw2-MAviles-Baquero/CMakeFiles/CMakeTmp

Run Build Command:"/usr/bin/make" "cmTC_ebbb1/fast"
/usr/bin/make -f CMakeFiles/cmTC_ebbb1.dir/build.make CMakeFiles/cmTC_ebbb1.dir/build
make[1]: Entering directory '/home/csuser/CPSC223/hw2-MAviles-Baquero/CMakeFiles/CMakeTmp'
Building C object CMakeFiles/cmTC_ebbb1.dir/CheckSymbolExists.c.o
/usr/bin/cc    -o CMakeFiles/cmTC_ebbb1.dir/CheckSymbolExists.c.o   -c /home/csuser/CPSC223/hw2-MAviles-Baquero/CMakeFiles/CMakeTmp/CheckSymbolExists.c
Linking C executable cmTC_ebbb1
/usr/bin/cmake -E cmake_link_script CMakeFiles/cmTC_ebbb1.dir/link.txt --verbose=1
/usr/bin/cc      -rdynamic CMakeFiles/cmTC_ebbb1.dir/CheckSymbolExists.c.o  -o cmTC_ebbb1 
/usr/bin/ld: CMakeFiles/cmTC_ebbb1.dir/CheckSymbolExists.c.o: in function `main':
CheckSymbolExists.c:(.text+0x1f): undefined reference to `pthread_create'
collect2: error: ld returned 1 exit status
make[1]: *** [CMakeFiles/cmTC_ebbb1.dir/build.make:87: cmTC_ebbb1] Error 1
make[1]: Leaving directory '/home/csuser/CPSC223/hw2-MAviles-Baquero/CMakeFiles/CMakeTmp'
make: *** [Makefile:121: cmTC_ebbb1/fast] Error 2

File /home/csuser/CPSC223/hw2-MAviles-Baquero/CMakeFiles/CMakeTmp/CheckSymbolExists.c:
/* */
#include <pthread.h>

int main(int argc, char** argv)
{
  (void)argv;
#ifndef pthread_create
  return ((int*)(&pthread_create))[argc];
#else
  (void)argc;
  return 0;
#endif
}

Determining if the function pthread_create exists in the pthreads failed with the following output:
Change Dir: /home/csuser/CPSC223/hw2-MAviles-Baquero/CMakeFiles/CMakeTmp

Run Build Command:"/usr/bin/make" "cmTC_57a45/fast"
/usr/bin/make -f CMakeFiles/cmTC_57a45.dir/build.make CMakeFiles/cmTC_57a45.dir/build
make[1]: Entering directory '/home/csuser/CPSC223/hw2-MAviles-Baquero/CMakeFiles/CMakeTmp'
Building C object CMakeFiles/cmTC_57a45.dir/CheckFunctionExists.c.o
/usr/bin/cc   -DCHECK_FUNCTION_EXISTS=pthread_create   -o CMakeFiles/cmTC_57a45.dir/CheckFunctionExists.c.o   -c /usr/share/cmake-3.13/Modules/CheckFunctionExists.c
Linking C executable cmTC_57a45
/usr/bin/cmake -E cmake_link_script CMakeFiles/cmTC_57a45.dir/link.txt --verbose=1
/usr/bin/cc  -DCHECK_FUNCTION_EXISTS=pthread_create    -rdynamic CMakeFiles/cmTC_57a45.dir/CheckFunctionExists.c.o  -o cmTC_57a45 -lpthreads 
/usr/bin/ld: cannot find -lpthreads
collect2: error: ld returned 1 exit status
make[1]: *** [CMakeFiles/cmTC_57a45.dir/build.make:87: cmTC_57a45] Error 1
make[1]: Leaving directory '/home/csuser/CPSC223/hw2-MAviles-Baquero/CMakeFiles/CMakeTmp'
make: *** [Makefile:121: cmTC_57a45/fast] Error 2


